Start at Wednesday, January 24, 2018    22:56:58
=========================================

Registration Info : 

Windows Version:
Professional Service Pack 1 (Build 7601)

Module Info:
Company: fCoder Group, Inc.
Product Name: ImageConverter Plus
Product Version: 7.1.47.90206

CPU Info:
Vendor: GenuineIntel
Vendor ID: Intel Corporation
Extended Processor Name: Pentium® II (0.25 µm)
Procesor Clock Frequecy: 2394
Logical processors per physical: 16
Stepping code: 5
MMX support: yes
MMX+ support: no
SSE support: yes
SSE2 support: yes
3DNow suppor: no
3DNow+ suppor: no
AI64 support: no
Hyperthreading support: no
L1 cache size: -1
L2 cache size: -1
L3 cache size: -1

Monitor info:
Color depth: 32 Bits per pixel.
Pixel Width: 1366
Pixel Height: 768
Refresh frequency: 60 Hz

Internet Explorer Version: 6.1
Build Number: 7601

Printers list: 
Snagit 11
Microsoft XPS Document Writer
HP Officejet Pro 8000 A809 Series
Fax

Default printer: 
HP Officejet Pro 8000 A809 Series


Script settings:

Operations:

Format properties:
    Extension: jpg
    bits per pixel for baseline mode : 24
    compression quality : 100
    compression mode : baseline
    compression sample : 111
    create thumbnail : No
    save exif information : Yes
    save iptc information : Yes
    lossless predictor (-1 for auto select) : -1
    restart interval in MCU-rows : 0
    interleaved : yes
    optimize huffman codes : yes

Save properties:
    Destination path: {Source path}
    convert with subfolders : yes
    restore subfolder structure in target folder : yes
    open target folder after conversion : yes
    create log file in target folder : yes

Target file name properties:
    Name template: {Title}.{Type}
    what to do, if file exists : auto_rename
    delete source images : no

Processing files...

=====================================================================

File 1 of 13

RAM free    :    2833.2 of    4096.0 Mb
Virtual free:    1880.8 of    2047.9 Mb
Target free disk space :  117134.1 of  238246.0 Mb
Temp free disk space   :  117134.1 of  238246.0 Mb

Src info : C:\Users\KEEN\gt\Group\Project_Finale\SLHearns-InteriorDesign\client\src\img\Before_After\BA KitchenTraditionalAfter.jpg
jpg, 4320x3240px, 24bpp, 1 page(s), 180.000000x180.000000 dpi, 3021246 bytes

exists : rename :  ok
Load all pages :  ok

Save :  ok

Dest info : C:\Users\KEEN\gt\Group\Project_Finale\SLHearns-InteriorDesign\client\src\img\Before_After\BA KitchenTraditionalAfter (1).jpg
jpg, 4320x3240px, 24bpp, 1 page(s), 180.000000x180.000000 dpi, 6971210 bytes

=====================================================================

File 2 of 13

RAM free    :    2826.6 of    4096.0 Mb
Virtual free:    1880.8 of    2047.9 Mb
Target free disk space :  117127.5 of  238246.0 Mb
Temp free disk space   :  117127.5 of  238246.0 Mb

Src info : C:\Users\KEEN\gt\Group\Project_Finale\SLHearns-InteriorDesign\client\src\img\Before_After\0DSC_0150.JPG
jpg, 2160x3840px, 24bpp, 1 page(s), 72.000000x72.000000 dpi, 2893192 bytes

exists : rename :  ok
Load all pages :  ok

Save :  ok

Dest info : C:\Users\KEEN\gt\Group\Project_Finale\SLHearns-InteriorDesign\client\src\img\Before_After\0DSC_0150 (1).jpg
jpg, 2160x3840px, 24bpp, 1 page(s), 72.000000x72.000000 dpi, 4522266 bytes

=====================================================================

File 3 of 13

RAM free    :    2818.0 of    4096.0 Mb
Virtual free:    1880.8 of    2047.9 Mb
Target free disk space :  117123.1 of  238246.0 Mb
Temp free disk space   :  117123.1 of  238246.0 Mb

Src info : C:\Users\KEEN\gt\Group\Project_Finale\SLHearns-InteriorDesign\client\src\img\Before_After\BA BathroomTraditionalBefore.jpg
jpg, 2448x3264px, 24bpp, 1 page(s), 72.000000x72.000000 dpi, 1820594 bytes

exists : rename :  ok
Load all pages :  ok

Save :  ok

Dest info : C:\Users\KEEN\gt\Group\Project_Finale\SLHearns-InteriorDesign\client\src\img\Before_After\BA BathroomTraditionalBefore (1).jpg
jpg, 2448x3264px, 24bpp, 1 page(s), 72.000000x72.000000 dpi, 3626191 bytes

=====================================================================

File 4 of 13

RAM free    :    2812.6 of    4096.0 Mb
Virtual free:    1880.8 of    2047.9 Mb
Target free disk space :  117119.7 of  238246.0 Mb
Temp free disk space   :  117119.7 of  238246.0 Mb

Src info : C:\Users\KEEN\gt\Group\Project_Finale\SLHearns-InteriorDesign\client\src\img\Before_After\BA BathroomTransitionalAfter.jpg
jpg, 3072x2304px, 24bpp, 1 page(s), 180.000000x180.000000 dpi, 1708580 bytes

exists : rename :  ok
Load all pages :  ok

Save :  ok

Dest info : C:\Users\KEEN\gt\Group\Project_Finale\SLHearns-InteriorDesign\client\src\img\Before_After\BA BathroomTransitionalAfter (1).jpg
jpg, 3072x2304px, 24bpp, 1 page(s), 180.000000x180.000000 dpi, 3750445 bytes

=====================================================================

File 5 of 13

RAM free    :    2810.2 of    4096.0 Mb
Virtual free:    1880.8 of    2047.9 Mb
Target free disk space :  117116.1 of  238246.0 Mb
Temp free disk space   :  117116.1 of  238246.0 Mb

Src info : C:\Users\KEEN\gt\Group\Project_Finale\SLHearns-InteriorDesign\client\src\img\Before_After\BA KitchenContemporaryBefore.jpg
jpg, 3264x2448px, 24bpp, 1 page(s), 180.000000x180.000000 dpi, 909809 bytes

exists : rename :  ok
Load all pages :  ok

Save :  ok

Dest info : C:\Users\KEEN\gt\Group\Project_Finale\SLHearns-InteriorDesign\client\src\img\Before_After\BA KitchenContemporaryBefore (1).jpg
jpg, 3264x2448px, 24bpp, 1 page(s), 180.000000x180.000000 dpi, 4205642 bytes

=====================================================================

File 6 of 13

RAM free    :    2808.2 of    4096.0 Mb
Virtual free:    1882.1 of    2047.9 Mb
Target free disk space :  117112.1 of  238246.0 Mb
Temp free disk space   :  117112.1 of  238246.0 Mb

Src info : C:\Users\KEEN\gt\Group\Project_Finale\SLHearns-InteriorDesign\client\src\img\Before_After\BA KitchenTraditionalBefore.jpg
jpg, 1932x2576px, 24bpp, 1 page(s), 230.000000x230.000000 dpi, 846398 bytes

exists : rename :  ok
Load all pages :  ok

Save :  ok

Dest info : C:\Users\KEEN\gt\Group\Project_Finale\SLHearns-InteriorDesign\client\src\img\Before_After\BA KitchenTraditionalBefore (1).jpg
jpg, 1932x2576px, 24bpp, 1 page(s), 230.000000x230.000000 dpi, 3028113 bytes

=====================================================================

File 7 of 13

RAM free    :    2809.3 of    4096.0 Mb
Virtual free:    1882.1 of    2047.9 Mb
Target free disk space :  117109.2 of  238246.0 Mb
Temp free disk space   :  117109.2 of  238246.0 Mb

Src info : C:\Users\KEEN\gt\Group\Project_Finale\SLHearns-InteriorDesign\client\src\img\Before_After\BA BathroomContemporaryBefore.jpg
jpg, 3264x2448px, 24bpp, 1 page(s), 180.000000x180.000000 dpi, 780318 bytes

exists : rename :  ok
Load all pages :  ok

Save :  ok

Dest info : C:\Users\KEEN\gt\Group\Project_Finale\SLHearns-InteriorDesign\client\src\img\Before_After\BA BathroomContemporaryBefore (1).jpg
jpg, 3264x2448px, 24bpp, 1 page(s), 180.000000x180.000000 dpi, 3945109 bytes

=====================================================================

File 8 of 13

RAM free    :    2807.2 of    4096.0 Mb
Virtual free:    1882.1 of    2047.9 Mb
Target free disk space :  117105.4 of  238246.0 Mb
Temp free disk space   :  117105.4 of  238246.0 Mb

Src info : C:\Users\KEEN\gt\Group\Project_Finale\SLHearns-InteriorDesign\client\src\img\Before_After\BA KitchenTransitionalBefore.jpg
jpg, 3264x2448px, 24bpp, 1 page(s), 180.000000x180.000000 dpi, 749431 bytes

exists : rename :  ok
Load all pages :  ok

Save :  ok

Dest info : C:\Users\KEEN\gt\Group\Project_Finale\SLHearns-InteriorDesign\client\src\img\Before_After\BA KitchenTransitionalBefore (1).jpg
jpg, 3264x2448px, 24bpp, 1 page(s), 180.000000x180.000000 dpi, 3591832 bytes

=====================================================================

File 9 of 13

RAM free    :    2802.8 of    4096.0 Mb
Virtual free:    1882.1 of    2047.9 Mb
Target free disk space :  117102.0 of  238246.0 Mb
Temp free disk space   :  117102.0 of  238246.0 Mb

Src info : C:\Users\KEEN\gt\Group\Project_Finale\SLHearns-InteriorDesign\client\src\img\Before_After\BA BathroomTraditionalAfter.jpg
jpg, 2048x1363px, 24bpp, 1 page(s), 72.000000x72.000000 dpi, 742979 bytes

exists : rename :  ok
Load all pages :  ok

Save :  ok

Dest info : C:\Users\KEEN\gt\Group\Project_Finale\SLHearns-InteriorDesign\client\src\img\Before_After\BA BathroomTraditionalAfter (1).jpg
jpg, 2048x1363px, 24bpp, 1 page(s), 72.000000x72.000000 dpi, 1386899 bytes

=====================================================================

File 10 of 13

RAM free    :    2803.7 of    4096.0 Mb
Virtual free:    1882.1 of    2047.9 Mb
Target free disk space :  117100.7 of  238246.0 Mb
Temp free disk space   :  117100.7 of  238246.0 Mb

Src info : C:\Users\KEEN\gt\Group\Project_Finale\SLHearns-InteriorDesign\client\src\img\Before_After\BA BathroomTransitionalBefore.jpg
jpg, 2448x3264px, 24bpp, 1 page(s), 180.000000x180.000000 dpi, 736467 bytes

exists : rename :  ok
Load all pages :  ok

Save :  ok

Dest info : C:\Users\KEEN\gt\Group\Project_Finale\SLHearns-InteriorDesign\client\src\img\Before_After\BA BathroomTransitionalBefore (1).jpg
jpg, 2448x3264px, 24bpp, 1 page(s), 180.000000x180.000000 dpi, 3667343 bytes

=====================================================================

File 11 of 13

RAM free    :    2805.3 of    4096.0 Mb
Virtual free:    1882.1 of    2047.9 Mb
Target free disk space :  117097.2 of  238246.0 Mb
Temp free disk space   :  117097.2 of  238246.0 Mb

Src info : C:\Users\KEEN\gt\Group\Project_Finale\SLHearns-InteriorDesign\client\src\img\Before_After\BA KitchenContemporaryAfter.jpg
jpg, 5762x3840px, 24bpp, 1 page(s), 300.000000x300.000000 dpi, 10674913 bytes

exists : rename :  ok
Load all pages :  ok

Save :  ok

Dest info : C:\Users\KEEN\gt\Group\Project_Finale\SLHearns-InteriorDesign\client\src\img\Before_After\BA KitchenContemporaryAfter (1).jpg
jpg, 5762x3840px, 24bpp, 1 page(s), 300.000000x300.000000 dpi, 14458012 bytes

=====================================================================

File 12 of 13

RAM free    :    2803.2 of    4096.0 Mb
Virtual free:    1882.1 of    2047.9 Mb
Target free disk space :  117083.4 of  238246.0 Mb
Temp free disk space   :  117083.4 of  238246.0 Mb

Src info : C:\Users\KEEN\gt\Group\Project_Finale\SLHearns-InteriorDesign\client\src\img\Before_After\BA BathroomContemporaryAfter.jpg
jpg, 3840x5760px, 24bpp, 1 page(s), 300.000000x300.000000 dpi, 8016461 bytes

exists : rename :  ok
Load all pages :  ok

Save :  ok

Dest info : C:\Users\KEEN\gt\Group\Project_Finale\SLHearns-InteriorDesign\client\src\img\Before_After\BA BathroomContemporaryAfter (1).jpg
jpg, 3840x5760px, 24bpp, 1 page(s), 300.000000x300.000000 dpi, 11635246 bytes

=====================================================================

File 13 of 13

RAM free    :    2803.3 of    4096.0 Mb
Virtual free:    1882.1 of    2047.9 Mb
Target free disk space :  117072.3 of  238246.0 Mb
Temp free disk space   :  117072.3 of  238246.0 Mb

Src info : C:\Users\KEEN\gt\Group\Project_Finale\SLHearns-InteriorDesign\client\src\img\Before_After\BA KitchenTransitionalAfter.jpg
jpg, 5760x3840px, 24bpp, 1 page(s), 300.000000x300.000000 dpi, 7225913 bytes

exists : rename :  ok
Load all pages :  ok

Save :  ok

Dest info : C:\Users\KEEN\gt\Group\Project_Finale\SLHearns-InteriorDesign\client\src\img\Before_After\BA KitchenTransitionalAfter (1).jpg
jpg, 5760x3840px, 24bpp, 1 page(s), 300.000000x300.000000 dpi, 10082521 bytes

Complete at Wednesday, January 24, 2018    22:57:32
=========================================
